[0.158s] Invoking command in '/home/rinna/ros2_ws/build/examples_rclcpp_cbg_executor': CMAKE_PREFIX_PATH=${CMAKE_PREFIX_PATH}:/opt/ros/humble /usr/bin/cmake /home/rinna/ros2_ws/src/examples/rclcpp/executors/cbg_executor -DAMENT_CMAKE_SYMLINK_INSTALL=1 -DCMAKE_INSTALL_PREFIX=/home/rinna/ros2_ws/install/examples_rclcpp_cbg_executor
[2.087s] -- The C compiler identification is GNU 11.4.0
[2.088s] -- The CXX compiler identification is GNU 11.4.0
[2.089s] -- Detecting C compiler ABI info
[2.089s] -- Detecting C compiler ABI info - done
[2.089s] -- Check for working C compiler: /usr/bin/cc - skipped
[2.090s] -- Detecting C compile features
[2.090s] -- Detecting C compile features - done
[2.091s] -- Detecting CXX compiler ABI info
[2.091s] -- Detecting CXX compiler ABI info - done
[2.091s] -- Check for working CXX compiler: /usr/bin/c++ - skipped
[2.092s] -- Detecting CXX compile features
[2.092s] -- Detecting CXX compile features - done
[2.092s] -- Found ament_cmake: 1.3.12 (/opt/ros/humble/share/ament_cmake/cmake)
[2.094s] -- Found Python3: /usr/bin/python3 (found version "3.10.12") found components: Interpreter 
[2.094s] -- Override CMake install command with custom implementation using symlinks instead of copying resources
[2.094s] -- Found rclcpp: 16.0.15 (/opt/ros/humble/share/rclcpp/cmake)
[2.123s] -- Found rosidl_generator_c: 3.1.7 (/opt/ros/humble/share/rosidl_generator_c/cmake)
[2.129s] -- Found rosidl_adapter: 3.1.7 (/opt/ros/humble/share/rosidl_adapter/cmake)
[2.129s] -- Found rosidl_generator_cpp: 3.1.7 (/opt/ros/humble/share/rosidl_generator_cpp/cmake)
[2.158s] -- Using all available rosidl_typesupport_c: rosidl_typesupport_fastrtps_c;rosidl_typesupport_introspection_c
[2.196s] -- Using all available rosidl_typesupport_cpp: rosidl_typesupport_fastrtps_cpp;rosidl_typesupport_introspection_cpp
[2.296s] -- Found rmw_implementation_cmake: 6.1.2 (/opt/ros/humble/share/rmw_implementation_cmake/cmake)
[2.303s] -- Found rmw_fastrtps_cpp: 6.2.8 (/opt/ros/humble/share/rmw_fastrtps_cpp/cmake)
[2.938s] -- Found OpenSSL: /usr/lib/x86_64-linux-gnu/libcrypto.so (found version "3.0.2")  
[3.473s] -- Found FastRTPS: /opt/ros/humble/include  
[4.580s] -- Using RMW implementation 'rmw_fastrtps_cpp' as default
[4.590s] -- Looking for pthread.h
[4.720s] -- Looking for pthread.h - found
[4.720s] -- Performing Test CMAKE_HAVE_LIBC_PTHREAD
[4.851s] -- Performing Test CMAKE_HAVE_LIBC_PTHREAD - Success
[4.852s] -- Found Threads: TRUE  
[4.924s] -- Found ament_lint_auto: 0.12.14 (/opt/ros/humble/share/ament_lint_auto/cmake)
[5.042s] -- Added test 'copyright' to check source files copyright and LICENSE
[5.045s] -- Added test 'cppcheck' to perform static code analysis on C / C++ code
[5.047s] -- Configured cppcheck include dirs: /home/rinna/ros2_ws/src/examples/rclcpp/executors/cbg_executor/include
[5.047s] -- Configured cppcheck exclude dirs and/or files: 
[5.051s] -- Added test 'cpplint' to check C / C++ code against the Google style
[5.051s] -- Configured cpplint exclude dirs and/or files: 
[5.053s] -- Added test 'lint_cmake' to check CMake code style
[5.056s] -- Added test 'uncrustify' to check C / C++ code style
[5.056s] -- Configured uncrustify additional arguments: 
[5.057s] -- Added test 'xmllint' to check XML markup files
[5.064s] -- Configuring done
[5.110s] -- Generating done
[5.123s] -- Build files have been written to: /home/rinna/ros2_ws/build/examples_rclcpp_cbg_executor
[5.165s] Invoked command in '/home/rinna/ros2_ws/build/examples_rclcpp_cbg_executor' returned '0': CMAKE_PREFIX_PATH=${CMAKE_PREFIX_PATH}:/opt/ros/humble /usr/bin/cmake /home/rinna/ros2_ws/src/examples/rclcpp/executors/cbg_executor -DAMENT_CMAKE_SYMLINK_INSTALL=1 -DCMAKE_INSTALL_PREFIX=/home/rinna/ros2_ws/install/examples_rclcpp_cbg_executor
[5.173s] Invoking command in '/home/rinna/ros2_ws/build/examples_rclcpp_cbg_executor': CMAKE_PREFIX_PATH=${CMAKE_PREFIX_PATH}:/opt/ros/humble /usr/bin/cmake --build /home/rinna/ros2_ws/build/examples_rclcpp_cbg_executor -- -j16 -l16
[5.320s] [ 10%] [32mBuilding CXX object CMakeFiles/ping.dir/src/examples_rclcpp_cbg_executor/ping_node.cpp.o[0m
[5.320s] [ 20%] [32mBuilding CXX object CMakeFiles/ping.dir/src/ping.cpp.o[0m
[5.321s] [ 30%] [32mBuilding CXX object CMakeFiles/pong.dir/src/pong.cpp.o[0m
[5.321s] [ 40%] [32mBuilding CXX object CMakeFiles/ping_pong.dir/src/examples_rclcpp_cbg_executor/ping_node.cpp.o[0m
[5.321s] [ 50%] [32mBuilding CXX object CMakeFiles/ping_pong.dir/src/examples_rclcpp_cbg_executor/pong_node.cpp.o[0m
[5.321s] [ 60%] [32mBuilding CXX object CMakeFiles/ping_pong.dir/src/ping_pong.cpp.o[0m
[5.321s] [ 70%] [32mBuilding CXX object CMakeFiles/pong.dir/src/examples_rclcpp_cbg_executor/pong_node.cpp.o[0m
[39.446s] [01m[Kc++:[m[K [01;31m[Kfatal error: [m[KKilled signal terminated program cc1plus
[39.450s] compilation terminated.
[39.461s] gmake[2]: *** [CMakeFiles/ping.dir/build.make:76: CMakeFiles/ping.dir/src/ping.cpp.o] Error 1
[39.478s] gmake[2]: *** Waiting for unfinished jobs....
[43.825s] [01m[Kc++:[m[K [01;31m[Kfatal error: [m[KKilled signal terminated program cc1plus
[43.831s] compilation terminated.
[43.832s] gmake[2]: *** [CMakeFiles/pong.dir/build.make:90: CMakeFiles/pong.dir/src/examples_rclcpp_cbg_executor/pong_node.cpp.o] Error 1
[43.839s] gmake[2]: *** Waiting for unfinished jobs....
[55.472s] [01m[Kc++:[m[K [01;31m[Kfatal error: [m[KKilled signal terminated program cc1plus
[55.475s] compilation terminated.
[55.482s] gmake[2]: *** [CMakeFiles/ping_pong.dir/build.make:90: CMakeFiles/ping_pong.dir/src/examples_rclcpp_cbg_executor/ping_node.cpp.o] Error 1
[55.486s] gmake[2]: *** Waiting for unfinished jobs....
[201.834s] gmake[1]: *** [CMakeFiles/Makefile2:167: CMakeFiles/pong.dir/all] Error 2
[201.835s] gmake[1]: *** Waiting for unfinished jobs....
[211.822s] gmake[1]: *** [CMakeFiles/Makefile2:141: CMakeFiles/ping.dir/all] Error 2
[212.671s] gmake[1]: *** [CMakeFiles/Makefile2:193: CMakeFiles/ping_pong.dir/all] Error 2
[212.680s] gmake: *** [Makefile:146: all] Error 2
