<?xml version="1.0" encoding="utf-8"?><testsuites><testsuite name="pytest" errors="0" failures="0" skipped="0" tests="3" time="0.923" timestamp="2025-10-10T16:48:04.288506" hostname="DESKTOP-SDCJ0JA"><testcase classname="examples_rclpy_executors.executors.test.test_copyright" name="test_copyright" time="0.470" /><testcase classname="examples_rclpy_executors.executors.test.test_flake8" name="test_flake8" time="0.232" /><testcase classname="examples_rclpy_executors.executors.test.test_pep257" name="test_pep257" time="0.048" /></testsuite></testsuites>