[0.158s] Invoking command in '/home/rinna/ros2_ws/build/examples_rclcpp_minimal_action_server': CMAKE_PREFIX_PATH=${CMAKE_PREFIX_PATH}:/opt/ros/humble /usr/bin/cmake /home/rinna/ros2_ws/src/examples/rclcpp/actions/minimal_action_server -DAMENT_CMAKE_SYMLINK_INSTALL=1 -DCMAKE_INSTALL_PREFIX=/home/rinna/ros2_ws/install/examples_rclcpp_minimal_action_server
[2.086s] -- The C compiler identification is GNU 11.4.0
[2.087s] -- The CXX compiler identification is GNU 11.4.0
[2.087s] -- Detecting C compiler ABI info
[2.087s] -- Detecting C compiler ABI info - done
[2.087s] -- Check for working C compiler: /usr/bin/cc - skipped
[2.088s] -- Detecting C compile features
[2.089s] -- Detecting C compile features - done
[2.089s] -- Detecting CXX compiler ABI info
[2.089s] -- Detecting CXX compiler ABI info - done
[2.090s] -- Check for working CXX compiler: /usr/bin/c++ - skipped
[2.090s] -- Detecting CXX compile features
[2.091s] -- Detecting CXX compile features - done
[2.091s] -- Found ament_cmake: 1.3.12 (/opt/ros/humble/share/ament_cmake/cmake)
[2.091s] -- Found Python3: /usr/bin/python3 (found version "3.10.12") found components: Interpreter 
[2.091s] -- Override CMake install command with custom implementation using symlinks instead of copying resources
[2.091s] -- Found example_interfaces: 0.9.3 (/opt/ros/humble/share/example_interfaces/cmake)
[2.108s] -- Found rosidl_generator_c: 3.1.7 (/opt/ros/humble/share/rosidl_generator_c/cmake)
[2.115s] -- Found rosidl_adapter: 3.1.7 (/opt/ros/humble/share/rosidl_adapter/cmake)
[2.115s] -- Found rosidl_generator_cpp: 3.1.7 (/opt/ros/humble/share/rosidl_generator_cpp/cmake)
[2.142s] -- Using all available rosidl_typesupport_c: rosidl_typesupport_fastrtps_c;rosidl_typesupport_introspection_c
[2.181s] -- Using all available rosidl_typesupport_cpp: rosidl_typesupport_fastrtps_cpp;rosidl_typesupport_introspection_cpp
[2.292s] -- Found rclcpp: 16.0.15 (/opt/ros/humble/share/rclcpp/cmake)
[2.345s] -- Found rmw_implementation_cmake: 6.1.2 (/opt/ros/humble/share/rmw_implementation_cmake/cmake)
[2.348s] -- Found rmw_fastrtps_cpp: 6.2.8 (/opt/ros/humble/share/rmw_fastrtps_cpp/cmake)
[2.940s] -- Found OpenSSL: /usr/lib/x86_64-linux-gnu/libcrypto.so (found version "3.0.2")  
[3.710s] -- Found FastRTPS: /opt/ros/humble/include  
[4.638s] -- Using RMW implementation 'rmw_fastrtps_cpp' as default
[4.649s] -- Looking for pthread.h
[4.782s] -- Looking for pthread.h - found
[4.783s] -- Performing Test CMAKE_HAVE_LIBC_PTHREAD
[4.930s] -- Performing Test CMAKE_HAVE_LIBC_PTHREAD - Success
[4.931s] -- Found Threads: TRUE  
[5.010s] -- Found rclcpp_action: 16.0.15 (/opt/ros/humble/share/rclcpp_action/cmake)
[5.018s] -- Found ament_lint_auto: 0.12.14 (/opt/ros/humble/share/ament_lint_auto/cmake)
[5.159s] -- Added test 'copyright' to check source files copyright and LICENSE
[5.160s] -- Added test 'cppcheck' to perform static code analysis on C / C++ code
[5.160s] -- Configured cppcheck include dirs: 
[5.160s] -- Configured cppcheck exclude dirs and/or files: 
[5.160s] -- Added test 'cpplint' to check C / C++ code against the Google style
[5.160s] -- Configured cpplint exclude dirs and/or files: 
[5.161s] -- Added test 'lint_cmake' to check CMake code style
[5.161s] -- Added test 'uncrustify' to check C / C++ code style
[5.161s] -- Configured uncrustify additional arguments: 
[5.161s] -- Added test 'xmllint' to check XML markup files
[5.161s] -- Configuring done
[5.190s] -- Generating done
[5.200s] -- Build files have been written to: /home/rinna/ros2_ws/build/examples_rclcpp_minimal_action_server
[5.390s] Invoked command in '/home/rinna/ros2_ws/build/examples_rclcpp_minimal_action_server' returned '0': CMAKE_PREFIX_PATH=${CMAKE_PREFIX_PATH}:/opt/ros/humble /usr/bin/cmake /home/rinna/ros2_ws/src/examples/rclcpp/actions/minimal_action_server -DAMENT_CMAKE_SYMLINK_INSTALL=1 -DCMAKE_INSTALL_PREFIX=/home/rinna/ros2_ws/install/examples_rclcpp_minimal_action_server
[5.391s] Invoking command in '/home/rinna/ros2_ws/build/examples_rclcpp_minimal_action_server': CMAKE_PREFIX_PATH=${CMAKE_PREFIX_PATH}:/opt/ros/humble /usr/bin/cmake --build /home/rinna/ros2_ws/build/examples_rclcpp_minimal_action_server -- -j16 -l16
[8.453s] [ 25%] [32mBuilding CXX object CMakeFiles/action_server_member_functions.dir/member_functions.cpp.o[0m
[8.453s] [ 50%] [32mBuilding CXX object CMakeFiles/action_server_not_composable.dir/not_composable.cpp.o[0m
[102.173s] [01m[Kc++:[m[K [01;31m[Kfatal error: [m[KKilled signal terminated program cc1plus
[102.178s] compilation terminated.
[102.186s] gmake[2]: *** [CMakeFiles/action_server_not_composable.dir/build.make:76: CMakeFiles/action_server_not_composable.dir/not_composable.cpp.o] Error 1
[102.220s] gmake[1]: *** [CMakeFiles/Makefile2:165: CMakeFiles/action_server_not_composable.dir/all] Error 2
[102.221s] gmake[1]: *** Waiting for unfinished jobs....
[117.245s] [01m[Kc++:[m[K [01;31m[Kfatal error: [m[KKilled signal terminated program cc1plus
[117.251s] compilation terminated.
[117.264s] gmake[2]: *** [CMakeFiles/action_server_member_functions.dir/build.make:76: CMakeFiles/action_server_member_functions.dir/member_functions.cpp.o] Error 1
[117.271s] gmake[1]: *** [CMakeFiles/Makefile2:139: CMakeFiles/action_server_member_functions.dir/all] Error 2
[117.288s] gmake: *** [Makefile:146: all] Error 2
