[0.157s] Invoking command in '/home/rinna/ros2_ws/build/examples_rclcpp_minimal_action_client': CMAKE_PREFIX_PATH=${CMAKE_PREFIX_PATH}:/opt/ros/humble /usr/bin/cmake /home/rinna/ros2_ws/src/examples/rclcpp/actions/minimal_action_client -DAMENT_CMAKE_SYMLINK_INSTALL=1 -DCMAKE_INSTALL_PREFIX=/home/rinna/ros2_ws/install/examples_rclcpp_minimal_action_client
[2.088s] -- The C compiler identification is GNU 11.4.0
[2.088s] -- The CXX compiler identification is GNU 11.4.0
[2.089s] -- Detecting C compiler ABI info
[2.089s] -- Detecting C compiler ABI info - done
[2.089s] -- Check for working C compiler: /usr/bin/cc - skipped
[2.089s] -- Detecting C compile features
[2.089s] -- Detecting C compile features - done
[2.090s] -- Detecting CXX compiler ABI info
[2.091s] -- Detecting CXX compiler ABI info - done
[2.091s] -- Check for working CXX compiler: /usr/bin/c++ - skipped
[2.091s] -- Detecting CXX compile features
[2.092s] -- Detecting CXX compile features - done
[2.092s] -- Found ament_cmake: 1.3.12 (/opt/ros/humble/share/ament_cmake/cmake)
[2.092s] -- Found Python3: /usr/bin/python3 (found version "3.10.12") found components: Interpreter 
[2.092s] -- Override CMake install command with custom implementation using symlinks instead of copying resources
[2.093s] -- Found example_interfaces: 0.9.3 (/opt/ros/humble/share/example_interfaces/cmake)
[2.116s] -- Found rosidl_generator_c: 3.1.7 (/opt/ros/humble/share/rosidl_generator_c/cmake)
[2.120s] -- Found rosidl_adapter: 3.1.7 (/opt/ros/humble/share/rosidl_adapter/cmake)
[2.123s] -- Found rosidl_generator_cpp: 3.1.7 (/opt/ros/humble/share/rosidl_generator_cpp/cmake)
[2.151s] -- Using all available rosidl_typesupport_c: rosidl_typesupport_fastrtps_c;rosidl_typesupport_introspection_c
[2.192s] -- Using all available rosidl_typesupport_cpp: rosidl_typesupport_fastrtps_cpp;rosidl_typesupport_introspection_cpp
[2.299s] -- Found rclcpp: 16.0.15 (/opt/ros/humble/share/rclcpp/cmake)
[2.356s] -- Found rmw_implementation_cmake: 6.1.2 (/opt/ros/humble/share/rmw_implementation_cmake/cmake)
[2.361s] -- Found rmw_fastrtps_cpp: 6.2.8 (/opt/ros/humble/share/rmw_fastrtps_cpp/cmake)
[3.239s] -- Found OpenSSL: /usr/lib/x86_64-linux-gnu/libcrypto.so (found version "3.0.2")  
[3.770s] -- Found FastRTPS: /opt/ros/humble/include  
[4.793s] -- Using RMW implementation 'rmw_fastrtps_cpp' as default
[4.805s] -- Looking for pthread.h
[4.937s] -- Looking for pthread.h - found
[4.937s] -- Performing Test CMAKE_HAVE_LIBC_PTHREAD
[5.082s] -- Performing Test CMAKE_HAVE_LIBC_PTHREAD - Success
[5.084s] -- Found Threads: TRUE  
[5.166s] -- Found rclcpp_action: 16.0.15 (/opt/ros/humble/share/rclcpp_action/cmake)
[5.178s] -- Found ament_lint_auto: 0.12.14 (/opt/ros/humble/share/ament_lint_auto/cmake)
[5.318s] -- Added test 'copyright' to check source files copyright and LICENSE
[5.320s] -- Added test 'cppcheck' to perform static code analysis on C / C++ code
[5.320s] -- Configured cppcheck include dirs: 
[5.320s] -- Configured cppcheck exclude dirs and/or files: 
[5.325s] -- Added test 'cpplint' to check C / C++ code against the Google style
[5.325s] -- Configured cpplint exclude dirs and/or files: 
[5.332s] -- Added test 'lint_cmake' to check CMake code style
[5.336s] -- Added test 'uncrustify' to check C / C++ code style
[5.336s] -- Configured uncrustify additional arguments: 
[5.338s] -- Added test 'xmllint' to check XML markup files
[5.340s] -- Configuring done
[5.393s] -- Generating done
[5.430s] -- Build files have been written to: /home/rinna/ros2_ws/build/examples_rclcpp_minimal_action_client
[8.475s] Invoked command in '/home/rinna/ros2_ws/build/examples_rclcpp_minimal_action_client' returned '0': CMAKE_PREFIX_PATH=${CMAKE_PREFIX_PATH}:/opt/ros/humble /usr/bin/cmake /home/rinna/ros2_ws/src/examples/rclcpp/actions/minimal_action_client -DAMENT_CMAKE_SYMLINK_INSTALL=1 -DCMAKE_INSTALL_PREFIX=/home/rinna/ros2_ws/install/examples_rclcpp_minimal_action_client
[8.491s] Invoking command in '/home/rinna/ros2_ws/build/examples_rclcpp_minimal_action_client': CMAKE_PREFIX_PATH=${CMAKE_PREFIX_PATH}:/opt/ros/humble /usr/bin/cmake --build /home/rinna/ros2_ws/build/examples_rclcpp_minimal_action_client -- -j16 -l16
[8.800s] [ 12%] [32mBuilding CXX object CMakeFiles/action_client_member_functions.dir/member_functions.cpp.o[0m
[8.836s] [ 25%] [32mBuilding CXX object CMakeFiles/action_client_not_composable_with_feedback.dir/not_composable_with_feedback.cpp.o[0m
[8.868s] [ 37%] [32mBuilding CXX object CMakeFiles/action_client_not_composable_with_cancel.dir/not_composable_with_cancel.cpp.o[0m
[8.886s] [ 50%] [32mBuilding CXX object CMakeFiles/action_client_not_composable.dir/not_composable.cpp.o[0m
[69.278s] [01m[Kc++:[m[K [01;31m[Kfatal error: [m[KKilled signal terminated program cc1plus
[69.299s] compilation terminated.
[69.299s] gmake[2]: *** [CMakeFiles/action_client_member_functions.dir/build.make:76: CMakeFiles/action_client_member_functions.dir/member_functions.cpp.o] Error 1
[69.299s] gmake[1]: *** [CMakeFiles/Makefile2:143: CMakeFiles/action_client_member_functions.dir/all] Error 2
[69.299s] gmake[1]: *** Waiting for unfinished jobs....
[160.279s] [01m[Kc++:[m[K [01;31m[Kfatal error: [m[KKilled signal terminated program cc1plus
[160.284s] compilation terminated.
[160.284s] gmake[2]: *** [CMakeFiles/action_client_not_composable_with_cancel.dir/build.make:76: CMakeFiles/action_client_not_composable_with_cancel.dir/not_composable_with_cancel.cpp.o] Error 1
[160.286s] gmake[1]: *** [CMakeFiles/Makefile2:195: CMakeFiles/action_client_not_composable_with_cancel.dir/all] Error 2
[200.308s] [ 62%] [32m[1mLinking CXX executable action_client_not_composable_with_feedback[0m
[201.036s] [ 62%] Built target action_client_not_composable_with_feedback
[201.270s] [ 75%] [32m[1mLinking CXX executable action_client_not_composable[0m
[201.913s] [ 75%] Built target action_client_not_composable
[201.926s] gmake: *** [Makefile:146: all] Error 2
